2020-05-01 22:07:10,029 INFO =*=*=*=*=*=*=*=*=*=*=*=*=*=*=*=*=*=*=*=*=*
2020-05-01 22:07:10,029 INFO =*=*=*=*=*=.      NEW LOG      =*=*=*=*=*
2020-05-01 22:07:10,029 INFO =*=*=*=*=*=*=*=*=*=*=*=*=*=*=*=*=*=*=*=*=*
2020-05-01 22:09:23,981 INFO =*=*=*=*=*=*=*=*=*=*=*=*=*=*=*=*=*=*=*=*=*
2020-05-01 22:09:23,981 INFO =*=*=*=*=*=.      NEW LOG      =*=*=*=*=*
2020-05-01 22:09:23,981 INFO =*=*=*=*=*=*=*=*=*=*=*=*=*=*=*=*=*=*=*=*=*
2020-05-01 22:10:57,751 INFO =*=*=*=*=*=*=*=*=*=*=*=*=*=*=*=*=*=*=*=*=*
2020-05-01 22:10:57,751 INFO =*=*=*=*=*=.      NEW LOG      =*=*=*=*=*
2020-05-01 22:10:57,751 INFO =*=*=*=*=*=*=*=*=*=*=*=*=*=*=*=*=*=*=*=*=*
2020-05-01 22:11:24,063 INFO =*=*=*=*=*=*=*=*=*=*=*=*=*=*=*=*=*=*=*=*=*
2020-05-01 22:11:24,064 INFO =*=*=*=*=*=.      NEW LOG      =*=*=*=*=*
2020-05-01 22:11:24,064 INFO =*=*=*=*=*=*=*=*=*=*=*=*=*=*=*=*=*=*=*=*=*
2020-05-01 22:11:46,599 INFO =*=*=*=*=*=*=*=*=*=*=*=*=*=*=*=*=*=*=*=*=*
2020-05-01 22:11:46,599 INFO =*=*=*=*=*=.      NEW LOG      =*=*=*=*=*
2020-05-01 22:11:46,600 INFO =*=*=*=*=*=*=*=*=*=*=*=*=*=*=*=*=*=*=*=*=*
2020-05-01 22:14:07,175 INFO =*=*=*=*=*=*=*=*=*=*=*=*=*=*=*=*=*=*=*=*=*
2020-05-01 22:14:07,175 INFO =*=*=*=*=*=.      NEW LOG      =*=*=*=*=*
2020-05-01 22:14:07,176 INFO =*=*=*=*=*=*=*=*=*=*=*=*=*=*=*=*=*=*=*=*=*
2020-05-01 22:17:15,144 INFO =*=*=*=*=*=*=*=*=*=*=*=*=*=*=*=*=*=*=*=*=*
2020-05-01 22:17:15,144 INFO =*=*=*=*=*=.      NEW LOG      =*=*=*=*=*
2020-05-01 22:17:15,145 INFO =*=*=*=*=*=*=*=*=*=*=*=*=*=*=*=*=*=*=*=*=*
2020-05-01 22:18:38,103 INFO =*=*=*=*=*=*=*=*=*=*=*=*=*=*=*=*=*=*=*=*=*
2020-05-01 22:18:38,104 INFO =*=*=*=*=*=.      NEW LOG      =*=*=*=*=*
2020-05-01 22:18:38,104 INFO =*=*=*=*=*=*=*=*=*=*=*=*=*=*=*=*=*=*=*=*=*
2020-05-01 22:20:56,183 INFO =*=*=*=*=*=*=*=*=*=*=*=*=*=*=*=*=*=*=*=*=*
2020-05-01 22:20:56,184 INFO =*=*=*=*=*=.      NEW LOG      =*=*=*=*=*
2020-05-01 22:20:56,184 INFO =*=*=*=*=*=*=*=*=*=*=*=*=*=*=*=*=*=*=*=*=*
2020-05-01 22:27:53,022 INFO =*=*=*=*=*=*=*=*=*=*=*=*=*=*=*=*=*=*=*=*=*
2020-05-01 22:27:53,022 INFO =*=*=*=*=*=.      NEW LOG      =*=*=*=*=*
2020-05-01 22:27:53,022 INFO =*=*=*=*=*=*=*=*=*=*=*=*=*=*=*=*=*=*=*=*=*
2020-05-01 22:29:10,889 INFO =*=*=*=*=*=*=*=*=*=*=*=*=*=*=*=*=*=*=*=*=*
2020-05-01 22:29:10,889 INFO =*=*=*=*=*=.      NEW LOG      =*=*=*=*=*
2020-05-01 22:29:10,889 INFO =*=*=*=*=*=*=*=*=*=*=*=*=*=*=*=*=*=*=*=*=*
2020-05-01 22:31:43,982 INFO =*=*=*=*=*=*=*=*=*=*=*=*=*=*=*=*=*=*=*=*=*
2020-05-01 22:31:43,982 INFO =*=*=*=*=*=.      NEW LOG      =*=*=*=*=*
2020-05-01 22:31:43,982 INFO =*=*=*=*=*=*=*=*=*=*=*=*=*=*=*=*=*=*=*=*=*
2020-05-01 22:31:47,588 INFO Best player version: 0
2020-05-01 22:31:47,589 INFO ====================
2020-05-01 22:31:47,589 INFO EPISODE 1 OF 30
2020-05-01 22:31:47,589 INFO ====================
2020-05-01 22:31:47,590 INFO best_player plays as X
2020-05-01 22:31:47,590 INFO --------------
2020-05-01 22:31:47,590 INFO ['-', '-', '-', '-', '-', '-', '-']
2020-05-01 22:31:47,590 INFO ['-', '-', '-', '-', '-', '-', '-']
2020-05-01 22:31:47,590 INFO ['-', '-', '-', '-', '-', '-', '-']
2020-05-01 22:31:47,590 INFO ['-', '-', '-', '-', '-', '-', '-']
2020-05-01 22:31:47,590 INFO ['-', '-', '-', '-', '-', '-', '-']
2020-05-01 22:31:47,590 INFO ['-', '-', '-', '-', '-', '-', '-']
2020-05-01 22:31:47,591 INFO ------------------
2020-05-01 22:32:05,499 INFO =*=*=*=*=*=*=*=*=*=*=*=*=*=*=*=*=*=*=*=*=*
2020-05-01 22:32:05,500 INFO =*=*=*=*=*=.      NEW LOG      =*=*=*=*=*
2020-05-01 22:32:05,500 INFO =*=*=*=*=*=*=*=*=*=*=*=*=*=*=*=*=*=*=*=*=*
2020-05-01 22:32:09,160 INFO Best player version: 0
2020-05-01 22:32:09,161 INFO ====================
2020-05-01 22:32:09,161 INFO EPISODE 1 OF 30
2020-05-01 22:32:09,161 INFO ====================
2020-05-01 22:32:09,162 INFO best_player plays as X
2020-05-01 22:32:09,162 INFO --------------
2020-05-01 22:32:09,162 INFO ['-', '-', '-', '-', '-', '-', '-']
2020-05-01 22:32:09,162 INFO ['-', '-', '-', '-', '-', '-', '-']
2020-05-01 22:32:09,162 INFO ['-', '-', '-', '-', '-', '-', '-']
2020-05-01 22:32:09,162 INFO ['-', '-', '-', '-', '-', '-', '-']
2020-05-01 22:32:09,162 INFO ['-', '-', '-', '-', '-', '-', '-']
2020-05-01 22:32:09,163 INFO ['-', '-', '-', '-', '-', '-', '-']
2020-05-01 22:32:09,163 INFO ------------------
2020-05-01 22:41:36,942 INFO =*=*=*=*=*=*=*=*=*=*=*=*=*=*=*=*=*=*=*=*=*
2020-05-01 22:41:36,942 INFO =*=*=*=*=*=.      NEW LOG      =*=*=*=*=*
2020-05-01 22:41:36,943 INFO =*=*=*=*=*=*=*=*=*=*=*=*=*=*=*=*=*=*=*=*=*
2020-05-01 22:41:40,490 INFO Best player version: 0
2020-05-01 22:41:40,490 INFO ====================
2020-05-01 22:41:40,490 INFO EPISODE 1 OF 30
2020-05-01 22:41:40,491 INFO ====================
2020-05-01 22:41:40,491 INFO best_player plays as X
2020-05-01 22:41:40,491 INFO --------------
2020-05-01 22:41:40,491 INFO ['-', '-', '-', '-', '-', '-', '-']
2020-05-01 22:41:40,491 INFO ['-', '-', '-', '-', '-', '-', '-']
2020-05-01 22:41:40,492 INFO ['-', '-', '-', '-', '-', '-', '-']
2020-05-01 22:41:40,492 INFO ['-', '-', '-', '-', '-', '-', '-']
2020-05-01 22:41:40,492 INFO ['-', '-', '-', '-', '-', '-', '-']
2020-05-01 22:41:40,492 INFO ['-', '-', '-', '-', '-', '-', '-']
2020-05-01 22:41:40,492 INFO ------------------
2020-05-01 22:49:11,269 INFO =*=*=*=*=*=*=*=*=*=*=*=*=*=*=*=*=*=*=*=*=*
2020-05-01 22:49:11,269 INFO =*=*=*=*=*=.      NEW LOG      =*=*=*=*=*
2020-05-01 22:49:11,269 INFO =*=*=*=*=*=*=*=*=*=*=*=*=*=*=*=*=*=*=*=*=*
2020-05-01 22:49:14,803 INFO Best player version: 0
2020-05-01 22:49:14,804 INFO ====================
2020-05-01 22:49:14,804 INFO EPISODE 1 OF 30
2020-05-01 22:49:14,804 INFO ====================
2020-05-01 22:49:14,804 INFO best_player plays as X
2020-05-01 22:49:14,805 INFO --------------
2020-05-01 22:49:14,805 INFO ['-', '-', '-', '-', '-', '-', '-']
2020-05-01 22:49:14,805 INFO ['-', '-', '-', '-', '-', '-', '-']
2020-05-01 22:49:14,805 INFO ['-', '-', '-', '-', '-', '-', '-']
2020-05-01 22:49:14,805 INFO ['-', '-', '-', '-', '-', '-', '-']
2020-05-01 22:49:14,805 INFO ['-', '-', '-', '-', '-', '-', '-']
2020-05-01 22:49:14,805 INFO ['-', '-', '-', '-', '-', '-', '-']
2020-05-01 22:49:14,805 INFO ------------------
2020-05-01 22:52:23,470 INFO =*=*=*=*=*=*=*=*=*=*=*=*=*=*=*=*=*=*=*=*=*
2020-05-01 22:52:23,470 INFO =*=*=*=*=*=.      NEW LOG      =*=*=*=*=*
2020-05-01 22:52:23,470 INFO =*=*=*=*=*=*=*=*=*=*=*=*=*=*=*=*=*=*=*=*=*
2020-05-01 22:52:27,074 INFO Best player version: 0
2020-05-01 22:52:27,075 INFO ====================
2020-05-01 22:52:27,075 INFO EPISODE 1 OF 30
2020-05-01 22:52:27,075 INFO ====================
2020-05-01 22:52:27,076 INFO best_player plays as X
2020-05-01 22:52:27,076 INFO --------------
2020-05-01 22:52:27,076 INFO ['-', '-', '-', '-', '-', '-', '-']
2020-05-01 22:52:27,076 INFO ['-', '-', '-', '-', '-', '-', '-']
2020-05-01 22:52:27,076 INFO ['-', '-', '-', '-', '-', '-', '-']
2020-05-01 22:52:27,076 INFO ['-', '-', '-', '-', '-', '-', '-']
2020-05-01 22:52:27,076 INFO ['-', '-', '-', '-', '-', '-', '-']
2020-05-01 22:52:27,076 INFO ['-', '-', '-', '-', '-', '-', '-']
2020-05-01 22:52:27,076 INFO ------------------
2020-05-01 22:58:02,073 INFO =*=*=*=*=*=*=*=*=*=*=*=*=*=*=*=*=*=*=*=*=*
2020-05-01 22:58:02,073 INFO =*=*=*=*=*=.      NEW LOG      =*=*=*=*=*
2020-05-01 22:58:02,073 INFO =*=*=*=*=*=*=*=*=*=*=*=*=*=*=*=*=*=*=*=*=*
2020-05-01 22:58:05,596 INFO Best player version: 0
2020-05-01 22:58:05,596 INFO ====================
2020-05-01 22:58:05,596 INFO EPISODE 1 OF 30
2020-05-01 22:58:05,596 INFO ====================
2020-05-01 22:58:05,597 INFO best_player plays as X
2020-05-01 22:58:05,597 INFO --------------
2020-05-01 22:58:05,597 INFO ['-', '-', '-', '-', '-', '-', '-']
2020-05-01 22:58:05,597 INFO ['-', '-', '-', '-', '-', '-', '-']
2020-05-01 22:58:05,597 INFO ['-', '-', '-', '-', '-', '-', '-']
2020-05-01 22:58:05,597 INFO ['-', '-', '-', '-', '-', '-', '-']
2020-05-01 22:58:05,597 INFO ['-', '-', '-', '-', '-', '-', '-']
2020-05-01 22:58:05,598 INFO ['-', '-', '-', '-', '-', '-', '-']
2020-05-01 22:58:05,598 INFO ------------------
2020-05-01 23:30:34,526 INFO =*=*=*=*=*=*=*=*=*=*=*=*=*=*=*=*=*=*=*=*=*
2020-05-01 23:30:34,526 INFO =*=*=*=*=*=.      NEW LOG      =*=*=*=*=*
2020-05-01 23:30:34,526 INFO =*=*=*=*=*=*=*=*=*=*=*=*=*=*=*=*=*=*=*=*=*
2020-05-01 23:30:38,131 INFO Best player version: 0
2020-05-01 23:30:38,132 INFO ====================
2020-05-01 23:30:38,132 INFO EPISODE 1 OF 30
2020-05-01 23:30:38,132 INFO ====================
2020-05-01 23:30:38,132 INFO best_player plays as X
2020-05-01 23:30:38,133 INFO --------------
2020-05-01 23:30:38,133 INFO ['-', '-', '-', '-', '-', '-', '-']
2020-05-01 23:30:38,133 INFO ['-', '-', '-', '-', '-', '-', '-']
2020-05-01 23:30:38,133 INFO ['-', '-', '-', '-', '-', '-', '-']
2020-05-01 23:30:38,133 INFO ['-', '-', '-', '-', '-', '-', '-']
2020-05-01 23:30:38,133 INFO ['-', '-', '-', '-', '-', '-', '-']
2020-05-01 23:30:38,133 INFO ['-', '-', '-', '-', '-', '-', '-']
2020-05-01 23:30:38,133 INFO ------------------
2020-05-01 23:30:57,533 INFO =*=*=*=*=*=*=*=*=*=*=*=*=*=*=*=*=*=*=*=*=*
2020-05-01 23:30:57,533 INFO =*=*=*=*=*=.      NEW LOG      =*=*=*=*=*
2020-05-01 23:30:57,533 INFO =*=*=*=*=*=*=*=*=*=*=*=*=*=*=*=*=*=*=*=*=*
2020-05-01 23:31:01,122 INFO Best player version: 0
2020-05-01 23:31:01,123 INFO ====================
2020-05-01 23:31:01,123 INFO EPISODE 1 OF 30
2020-05-01 23:31:01,123 INFO ====================
2020-05-01 23:31:01,124 INFO best_player plays as X
2020-05-01 23:31:01,124 INFO --------------
2020-05-01 23:31:01,124 INFO ['-', '-', '-', '-', '-', '-', '-']
2020-05-01 23:31:01,124 INFO ['-', '-', '-', '-', '-', '-', '-']
2020-05-01 23:31:01,124 INFO ['-', '-', '-', '-', '-', '-', '-']
2020-05-01 23:31:01,124 INFO ['-', '-', '-', '-', '-', '-', '-']
2020-05-01 23:31:01,124 INFO ['-', '-', '-', '-', '-', '-', '-']
2020-05-01 23:31:01,124 INFO ['-', '-', '-', '-', '-', '-', '-']
2020-05-01 23:31:01,124 INFO ------------------
2020-05-01 23:31:41,678 INFO =*=*=*=*=*=*=*=*=*=*=*=*=*=*=*=*=*=*=*=*=*
2020-05-01 23:31:41,678 INFO =*=*=*=*=*=.      NEW LOG      =*=*=*=*=*
2020-05-01 23:31:41,678 INFO =*=*=*=*=*=*=*=*=*=*=*=*=*=*=*=*=*=*=*=*=*
2020-05-01 23:31:45,227 INFO Best player version: 0
2020-05-01 23:31:45,228 INFO ====================
2020-05-01 23:31:45,228 INFO EPISODE 1 OF 30
2020-05-01 23:31:45,228 INFO ====================
2020-05-01 23:31:45,228 INFO best_player plays as X
2020-05-01 23:31:45,229 INFO --------------
2020-05-01 23:31:45,229 INFO ['-', '-', '-', '-', '-', '-', '-']
2020-05-01 23:31:45,229 INFO ['-', '-', '-', '-', '-', '-', '-']
2020-05-01 23:31:45,229 INFO ['-', '-', '-', '-', '-', '-', '-']
2020-05-01 23:31:45,229 INFO ['-', '-', '-', '-', '-', '-', '-']
2020-05-01 23:31:45,229 INFO ['-', '-', '-', '-', '-', '-', '-']
2020-05-01 23:31:45,229 INFO ['-', '-', '-', '-', '-', '-', '-']
2020-05-01 23:31:45,229 INFO ------------------
2020-05-01 23:32:17,130 INFO =*=*=*=*=*=*=*=*=*=*=*=*=*=*=*=*=*=*=*=*=*
2020-05-01 23:32:17,130 INFO =*=*=*=*=*=.      NEW LOG      =*=*=*=*=*
2020-05-01 23:32:17,130 INFO =*=*=*=*=*=*=*=*=*=*=*=*=*=*=*=*=*=*=*=*=*
2020-05-01 23:32:20,662 INFO Best player version: 0
2020-05-01 23:32:20,663 INFO ====================
2020-05-01 23:32:20,663 INFO EPISODE 1 OF 30
2020-05-01 23:32:20,663 INFO ====================
2020-05-01 23:32:20,664 INFO best_player plays as X
2020-05-01 23:32:20,664 INFO --------------
2020-05-01 23:32:20,664 INFO ['-', '-', '-', '-', '-', '-', '-']
2020-05-01 23:32:20,664 INFO ['-', '-', '-', '-', '-', '-', '-']
2020-05-01 23:32:20,664 INFO ['-', '-', '-', '-', '-', '-', '-']
2020-05-01 23:32:20,664 INFO ['-', '-', '-', '-', '-', '-', '-']
2020-05-01 23:32:20,664 INFO ['-', '-', '-', '-', '-', '-', '-']
2020-05-01 23:32:20,665 INFO ['-', '-', '-', '-', '-', '-', '-']
2020-05-01 23:32:20,665 INFO ------------------
2020-05-01 23:36:37,286 INFO =*=*=*=*=*=*=*=*=*=*=*=*=*=*=*=*=*=*=*=*=*
2020-05-01 23:36:37,286 INFO =*=*=*=*=*=.      NEW LOG      =*=*=*=*=*
2020-05-01 23:36:37,286 INFO =*=*=*=*=*=*=*=*=*=*=*=*=*=*=*=*=*=*=*=*=*
2020-05-01 23:36:38,688 INFO Best player version: 0
2020-05-01 23:36:38,688 INFO ====================
2020-05-01 23:36:38,689 INFO EPISODE 1 OF 30
2020-05-01 23:36:38,689 INFO ====================
2020-05-01 23:36:38,689 INFO best_player plays as X
2020-05-01 23:36:38,689 INFO --------------
2020-05-01 23:36:38,689 INFO ['-', '-', '-', '-', '-', '-', '-']
2020-05-01 23:36:38,689 INFO ['-', '-', '-', '-', '-', '-', '-']
2020-05-01 23:36:38,689 INFO ['-', '-', '-', '-', '-', '-', '-']
2020-05-01 23:36:38,689 INFO ['-', '-', '-', '-', '-', '-', '-']
2020-05-01 23:36:38,689 INFO ['-', '-', '-', '-', '-', '-', '-']
2020-05-01 23:36:38,689 INFO ['-', '-', '-', '-', '-', '-', '-']
2020-05-01 23:36:38,689 INFO ------------------
